<?xml version="1.0" encoding="UTF-8"?>
<testng-results skipped="0" failed="0" ignored="0" total="6" passed="6">
  <reporter-output>
  </reporter-output>
  <suite name="Default suite" duration-ms="4436" started-at="2021-05-26T06:41:27Z" finished-at="2021-05-26T06:41:32Z">
    <groups>
    </groups>
    <test name="Default test" duration-ms="4436" started-at="2021-05-26T06:41:27Z" finished-at="2021-05-26T06:41:32Z">
      <class name="com.synechron.ws.wstraining.basics.response.ValidateReponseDemo">
        <test-method status="PASS" signature="createValidateResponseTest()[pri:0, instance:com.synechron.ws.wstraining.basics.response.ValidateReponseDemo@4ddced80]" name="createValidateResponseTest" duration-ms="4039" started-at="2021-05-26T06:41:27Z" finished-at="2021-05-26T06:41:32Z">
          <reporter-output>
          </reporter-output>
        </test-method> <!-- createValidateResponseTest -->
        <test-method status="PASS" signature="getHeightWithConditionTest()[pri:0, instance:com.synechron.ws.wstraining.basics.response.ValidateReponseDemo@4ddced80]" name="getHeightWithConditionTest" duration-ms="125" started-at="2021-05-26T06:41:32Z" depends-on-methods="com.synechron.ws.wstraining.basics.response.ValidateReponseDemo.createValidateResponseTest" finished-at="2021-05-26T06:41:32Z">
          <reporter-output>
          </reporter-output>
        </test-method> <!-- getHeightWithConditionTest -->
        <test-method status="PASS" signature="getNodeWithConditionTest()[pri:0, instance:com.synechron.ws.wstraining.basics.response.ValidateReponseDemo@4ddced80]" name="getNodeWithConditionTest" duration-ms="37" started-at="2021-05-26T06:41:32Z" depends-on-methods="com.synechron.ws.wstraining.basics.response.ValidateReponseDemo.createValidateResponseTest" finished-at="2021-05-26T06:41:32Z">
          <reporter-output>
          </reporter-output>
        </test-method> <!-- getNodeWithConditionTest -->
        <test-method status="PASS" signature="getNodeWithMaxWithConditionTest()[pri:0, instance:com.synechron.ws.wstraining.basics.response.ValidateReponseDemo@4ddced80]" name="getNodeWithMaxWithConditionTest" duration-ms="82" started-at="2021-05-26T06:41:32Z" depends-on-methods="com.synechron.ws.wstraining.basics.response.ValidateReponseDemo.createValidateResponseTest" finished-at="2021-05-26T06:41:32Z">
          <reporter-output>
          </reporter-output>
        </test-method> <!-- getNodeWithMaxWithConditionTest -->
        <test-method status="PASS" signature="getNodeWithMinUrlWithConditionTest()[pri:0, instance:com.synechron.ws.wstraining.basics.response.ValidateReponseDemo@4ddced80]" name="getNodeWithMinUrlWithConditionTest" duration-ms="51" started-at="2021-05-26T06:41:32Z" depends-on-methods="com.synechron.ws.wstraining.basics.response.ValidateReponseDemo.createValidateResponseTest" finished-at="2021-05-26T06:41:32Z">
          <reporter-output>
          </reporter-output>
        </test-method> <!-- getNodeWithMinUrlWithConditionTest -->
        <test-method status="PASS" signature="getURLWithConditionTest()[pri:0, instance:com.synechron.ws.wstraining.basics.response.ValidateReponseDemo@4ddced80]" name="getURLWithConditionTest" duration-ms="38" started-at="2021-05-26T06:41:32Z" depends-on-methods="com.synechron.ws.wstraining.basics.response.ValidateReponseDemo.createValidateResponseTest" finished-at="2021-05-26T06:41:32Z">
          <reporter-output>
          </reporter-output>
        </test-method> <!-- getURLWithConditionTest -->
      </class> <!-- com.synechron.ws.wstraining.basics.response.ValidateReponseDemo -->
    </test> <!-- Default test -->
  </suite> <!-- Default suite -->
</testng-results>
