<?xml version="1.0" encoding="UTF-8"?>
<!-- Generated by org.testng.reporters.JUnitXMLReporter -->
<testsuite hostname="LAPTOP-0EC05GSJ" ignored="0" name="Default test" tests="6" failures="0" timestamp="26 May 2021 06:41:32 GMT" time="4.436" errors="0">
  <testcase name="createValidateResponseTest" time="4.039" classname="com.synechron.ws.wstraining.basics.response.ValidateReponseDemo"/>
  <testcase name="getHeightWithConditionTest" time="0.125" classname="com.synechron.ws.wstraining.basics.response.ValidateReponseDemo"/>
  <testcase name="getNodeWithConditionTest" time="0.037" classname="com.synechron.ws.wstraining.basics.response.ValidateReponseDemo"/>
  <testcase name="getNodeWithMaxWithConditionTest" time="0.082" classname="com.synechron.ws.wstraining.basics.response.ValidateReponseDemo"/>
  <testcase name="getNodeWithMinUrlWithConditionTest" time="0.051" classname="com.synechron.ws.wstraining.basics.response.ValidateReponseDemo"/>
  <testcase name="getURLWithConditionTest" time="0.038" classname="com.synechron.ws.wstraining.basics.response.ValidateReponseDemo"/>
</testsuite> <!-- Default test -->
