<?xml version="1.0" encoding="UTF-8"?>
<!-- Generated by org.testng.reporters.JUnitXMLReporter -->
<testsuite hostname="LAPTOP-0EC05GSJ" ignored="0" name="Default test" tests="2" failures="0" timestamp="26 May 2021 01:44:18 GMT" time="5.37" errors="0">
  <testcase name="validateBodyInGet" time="4.723" classname="com.synechron.ws.wstraining.basics.get.GetBoardWithValidation"/>
  <testcase name="validateResponseHeaderInGet" time="0.589" classname="com.synechron.ws.wstraining.basics.get.GetBoardWithValidation"/>
</testsuite> <!-- Default test -->
